<?xml version="1.0" encoding="UTF-8"?>
<testng-results skipped="0" failed="0" ignored="0" total="2" passed="2">
  <reporter-output>
  </reporter-output>
  <suite name="Suite" duration-ms="59044" started-at="2018-03-04T11:49:35Z" finished-at="2018-03-04T11:50:34Z">
    <groups>
    </groups>
    <test name="Test" duration-ms="59044" started-at="2018-03-04T11:49:35Z" finished-at="2018-03-04T11:50:34Z">
      <class name="gitTest.GitTest">
        <test-method status="PASS" signature="launchUrl()[pri:0, instance:gitTest.GitTest@1f28c152]" name="launchUrl" duration-ms="29145" started-at="2018-03-04T17:20:05Z" finished-at="2018-03-04T17:20:34Z">
          <reporter-output>
          </reporter-output>
        </test-method> <!-- launchUrl -->
      </class> <!-- gitTest.GitTest -->
      <class name="gitTest.GitTest2">
        <test-method status="PASS" signature="launchUrl()[pri:0, instance:gitTest.GitTest2@4b4523f8]" name="launchUrl" duration-ms="29825" started-at="2018-03-04T17:19:35Z" finished-at="2018-03-04T17:20:05Z">
          <reporter-output>
          </reporter-output>
        </test-method> <!-- launchUrl -->
      </class> <!-- gitTest.GitTest2 -->
    </test> <!-- Test -->
  </suite> <!-- Suite -->
</testng-results>
